\BOOKMARK [1][-]{section.1}{\376\377\127\372\170\100\116\373\122\241\377\032\000I\000D\0003\000\040\121\263\173\126\150\021\147\204\136\372\116\016\230\204\155\113\377\010\171\273\145\143\134\136\140\047\377\011}{}% 1
\BOOKMARK [2][-]{subsection.1.1}{\376\377\000I\000D\0003\000\040\173\227\154\325\173\200\116\313}{section.1}% 2
\BOOKMARK [2][-]{subsection.1.2}{\376\377\121\163\225\056\173\227\154\325\153\145\232\244}{section.1}% 3
\BOOKMARK [3][-]{subsubsection.1.2.1}{\376\377\173\054\116\000\153\145\377\032\117\341\140\157\161\265\213\241\173\227}{subsection.1.2}% 4
\BOOKMARK [3][-]{subsubsection.1.2.2}{\376\377\173\054\116\214\153\145\377\032\117\341\140\157\130\236\166\312\213\241\173\227}{subsection.1.2}% 5
\BOOKMARK [3][-]{subsubsection.1.2.3}{\376\377\173\054\116\011\153\145\377\032\220\022\137\122\136\372\150\021}{subsection.1.2}% 6
\BOOKMARK [3][-]{subsubsection.1.2.4}{\376\377\116\343\170\001\213\262\211\343}{subsection.1.2}% 7
\BOOKMARK [2][-]{subsection.1.3}{\376\377\133\236\232\214\176\323\147\234}{section.1}% 8
\BOOKMARK [2][-]{subsection.1.4}{\376\377\121\163\225\056\116\343\170\001\377\032\230\204\155\113\121\375\145\160}{section.1}% 9
\BOOKMARK [1][-]{section.2}{\376\377\116\055\176\247\211\201\154\102\377\032\000C\0004\000.\0005\000\040\121\263\173\126\150\021\147\204\136\372\116\016\230\204\155\113}{}% 10
\BOOKMARK [2][-]{subsection.2.1}{\376\377\000C\0004\000.\0005\000\040\173\227\154\325\145\071\217\333\173\200\116\313}{section.2}% 11
\BOOKMARK [2][-]{subsection.2.2}{\376\377\217\336\176\355\134\136\140\047\131\004\164\006\145\271\154\325}{section.2}% 12
\BOOKMARK [3][-]{subsubsection.2.2.1}{\376\377\116\343\170\001\213\262\211\343}{subsection.2.2}% 13
\BOOKMARK [2][-]{subsection.2.3}{\376\377\117\341\140\157\130\236\166\312\163\207}{section.2}% 14
\BOOKMARK [3][-]{subsubsection.2.3.1}{\376\377\116\343\170\001\213\262\211\343}{subsection.2.3}% 15
\BOOKMARK [2][-]{subsection.2.4}{\376\377\133\236\232\214\176\323\147\234}{section.2}% 16
\BOOKMARK [1][-]{section.3}{\376\377\000C\0004\000.\0005\000\040\173\227\154\325\134\136\140\047\131\004\164\006\217\307\172\013}{}% 17
\BOOKMARK [2][-]{subsection.3.1}{\376\377\134\136\140\047\174\173\127\213\201\352\122\250\213\306\122\053}{section.3}% 18
\BOOKMARK [3][-]{subsubsection.3.1.1}{\376\377\116\343\170\001\213\262\211\343}{subsection.3.1}% 19
\BOOKMARK [1][-]{section.4}{\376\377\232\330\176\247\211\201\154\102\377\032\000C\000A\000R\000T\000\040\121\263\173\126\150\021\147\204\136\372\116\016\230\204\155\113}{}% 20
\BOOKMARK [2][-]{subsection.4.1}{\376\377\000C\000A\000R\000T\000\040\173\227\154\325\173\200\116\313}{section.4}% 21
\BOOKMARK [2][-]{subsection.4.2}{\376\377\127\372\134\074\143\007\145\160}{section.4}% 22
\BOOKMARK [2][-]{subsection.4.3}{\376\377\000C\000A\000R\000T\000\040\136\372\150\021\173\227\154\325}{section.4}% 23
\BOOKMARK [3][-]{subsubsection.4.3.1}{\376\377\116\343\170\001\213\262\211\343}{subsection.4.3}% 24
\BOOKMARK [2][-]{subsection.4.4}{\376\377\133\236\232\214\176\323\147\234}{section.4}% 25
\BOOKMARK [1][-]{section.5}{\376\377\232\330\176\247\211\201\154\102\377\032\121\263\173\126\150\021\122\152\147\235}{}% 26
\BOOKMARK [2][-]{subsection.5.1}{\376\377\122\152\147\235\173\227\154\325\220\011\142\351\377\032\173\200\123\026\124\016\122\152\147\235\377\010\000R\000E\000P\377\011}{section.5}% 27
\BOOKMARK [2][-]{subsection.5.2}{\376\377\000R\000E\000P\000\040\173\227\154\325\155\101\172\013}{section.5}% 28
\BOOKMARK [3][-]{subsubsection.5.2.1}{\376\377\116\343\170\001\213\262\211\343}{subsection.5.2}% 29
\BOOKMARK [2][-]{subsection.5.3}{\376\377\122\152\147\235\133\236\145\275\176\323\147\234}{section.5}% 30
\BOOKMARK [3][-]{subsubsection.5.3.1}{\376\377\000I\000D\0003\000\040\150\021\166\204\122\152\147\235}{subsection.5.3}% 31
\BOOKMARK [3][-]{subsubsection.5.3.2}{\376\377\000C\0004\000.\0005\000\040\150\021\166\204\122\152\147\235}{subsection.5.3}% 32
\BOOKMARK [3][-]{subsubsection.5.3.3}{\376\377\000C\000A\000R\000T\000\040\150\021\166\204\122\152\147\235}{subsection.5.3}% 33
\BOOKMARK [2][-]{subsection.5.4}{\376\377\122\152\147\235\122\006\147\220}{section.5}% 34
\BOOKMARK [1][-]{section.6}{\376\377\142\151\134\125\211\201\154\102\377\032\116\011\171\315\121\263\173\126\150\021\173\227\154\325\153\324\217\203\122\006\147\220}{}% 35
\BOOKMARK [2][-]{subsection.6.1}{\376\377\176\364\136\246\116\000\377\032\122\006\210\302\121\306\122\031}{section.6}% 36
\BOOKMARK [2][-]{subsection.6.2}{\376\377\176\364\136\246\116\214\377\032\150\021\176\323\147\204}{section.6}% 37
\BOOKMARK [2][-]{subsection.6.3}{\376\377\176\364\136\246\116\011\377\032\134\136\140\047\131\004\164\006\200\375\122\233}{section.6}% 38
\BOOKMARK [2][-]{subsection.6.4}{\376\377\173\227\154\325\162\171\160\271}{section.6}% 39
\BOOKMARK [2][-]{subsection.6.5}{\376\377\147\054\133\236\232\214\211\302\133\337}{section.6}% 40
\BOOKMARK [1][-]{section.7}{\376\377\226\104\137\125\377\032\116\343\170\001\116\323\136\223}{}% 41
