\BOOKMARK [1][-]{section.1}{\376\377\133\236\232\214\123\237\164\006}{}% 1
\BOOKMARK [2][-]{subsection.1.1}{\376\377\134\102\153\041\200\132\174\173\166\204\127\372\147\054\151\202\137\365}{section.1}% 2
\BOOKMARK [2][-]{subsection.1.2}{\376\377\000S\000i\000n\000g\000l\000e\000-\000l\000i\000n\000k\000a\000g\000e\377\010\123\125\224\376\143\245\377\011}{section.1}% 3
\BOOKMARK [2][-]{subsection.1.3}{\376\377\000C\000o\000m\000p\000l\000e\000t\000e\000-\000l\000i\000n\000k\000a\000g\000e\377\010\121\150\224\376\143\245\377\011}{section.1}% 4
\BOOKMARK [2][-]{subsection.1.4}{\376\377\000A\000v\000e\000r\000a\000g\000e\000-\000l\000i\000n\000k\000a\000g\000e\377\010\136\163\127\107\224\376\143\245\377\011}{section.1}% 5
\BOOKMARK [1][-]{section.2}{\376\377\127\372\170\100\211\201\154\102\377\032\000S\000i\000n\000g\000l\000e\000-\000l\000i\000n\000k\000a\000g\000e\000\040\116\016\000\040\000C\000o\000m\000p\000l\000e\000t\000e\000-\000l\000i\000n\000k\000a\000g\000e\000\040\200\132\174\173}{}% 6
\BOOKMARK [2][-]{subsection.2.1}{\376\377\145\160\143\156\226\306\165\037\142\020}{section.2}% 7
\BOOKMARK [3][-]{subsubsection.2.1.1}{\376\377\123\237\131\313\145\160\143\156\122\006\136\003}{subsection.2.1}% 8
\BOOKMARK [2][-]{subsection.2.2}{\376\377\000S\000i\000n\000g\000l\000e\000-\000l\000i\000n\000k\000a\000g\000e\000\040\133\236\163\260\116\016\176\323\147\234}{section.2}% 9
\BOOKMARK [3][-]{subsubsection.2.2.1}{\376\377\150\070\137\303\116\343\170\001}{subsection.2.2}% 10
\BOOKMARK [3][-]{subsubsection.2.2.2}{\376\377\200\132\174\173\176\323\147\234}{subsection.2.2}% 11
\BOOKMARK [2][-]{subsection.2.3}{\376\377\000C\000o\000m\000p\000l\000e\000t\000e\000-\000l\000i\000n\000k\000a\000g\000e\000\040\133\236\163\260\116\016\176\323\147\234}{section.2}% 12
\BOOKMARK [3][-]{subsubsection.2.3.1}{\376\377\150\070\137\303\116\343\170\001}{subsection.2.3}% 13
\BOOKMARK [3][-]{subsubsection.2.3.2}{\376\377\200\132\174\173\176\323\147\234}{subsection.2.3}% 14
\BOOKMARK [1][-]{section.3}{\376\377\116\055\176\247\211\201\154\102\377\032\000A\000v\000e\000r\000a\000g\000e\000-\000l\000i\000n\000k\000a\000g\000e\000\040\200\132\174\173}{}% 15
\BOOKMARK [2][-]{subsection.3.1}{\376\377\150\070\137\303\116\343\170\001}{section.3}% 16
\BOOKMARK [2][-]{subsection.3.2}{\376\377\200\132\174\173\176\323\147\234}{section.3}% 17
\BOOKMARK [1][-]{section.4}{\376\377\173\227\154\325\133\371\153\324\116\016\176\323\213\272}{}% 18
\BOOKMARK [2][-]{subsection.4.1}{\376\377\133\232\221\317\213\304\117\060\143\007\150\007\133\371\153\324}{section.4}% 19
\BOOKMARK [2][-]{subsection.4.2}{\376\377\133\232\140\047\122\006\147\220}{section.4}% 20
\BOOKMARK [3][-]{subsubsection.4.2.1}{\376\377\126\152\130\360\116\016\171\273\177\244\160\271\166\204\145\117\141\037\136\246}{subsection.4.2}% 21
\BOOKMARK [3][-]{subsubsection.4.2.2}{\376\377\174\007\137\142\162\266\166\204\220\002\136\224\140\047}{subsection.4.2}% 22
\BOOKMARK [2][-]{subsection.4.3}{\376\377\176\323\213\272}{section.4}% 23
\BOOKMARK [1][-]{section.5}{\376\377\142\323\134\125\211\201\154\102\377\032\123\330\143\142\200\132\174\173\174\007\145\160\000k}{}% 24
\BOOKMARK [2][-]{subsection.5.1}{\376\377\116\015\124\014\000k\120\074\116\013\166\204\140\047\200\375\133\371\153\324}{section.5}% 25
\BOOKMARK [2][-]{subsection.5.2}{\376\377\140\047\200\375\146\362\176\277\122\006\147\220}{section.5}% 26
\BOOKMARK [2][-]{subsection.5.3}{\376\377\121\163\225\056\211\302\133\337}{section.5}% 27
\BOOKMARK [3][-]{subsubsection.5.3.1}{\376\377\137\123\000k\120\074\116\016\167\037\133\236\174\007\145\160\116\015\116\000\201\364\145\366\166\204\163\260\214\141}{subsection.5.3}% 28
\BOOKMARK [3][-]{subsubsection.5.3.2}{\376\377\140\047\200\375\146\362\176\277\166\204\215\213\122\277\211\343\147\220}{subsection.5.3}% 29
\BOOKMARK [2][-]{subsection.5.4}{\376\377\000k\120\074\220\011\142\351\166\204\133\236\215\365\141\017\116\111}{section.5}% 30
\BOOKMARK [1][-]{section.6}{\376\377\230\235\131\026\133\236\232\214\377\032\227\136\121\370\174\007\145\160\143\156\226\306\377\010\000m\000a\000k\000e\000\137\000m\000o\000o\000n\000s\377\011}{}% 31
\BOOKMARK [2][-]{subsection.6.1}{\376\377\145\160\143\156\226\306\213\364\146\016}{section.6}% 32
\BOOKMARK [3][-]{subsubsection.6.1.1}{\376\377\123\237\131\313\145\160\143\156\122\006\136\003}{subsection.6.1}% 33
\BOOKMARK [2][-]{subsection.6.2}{\376\377\000m\000a\000k\000e\000\137\000m\000o\000o\000n\000s\145\160\143\156\226\306\116\012\166\204\200\132\174\173\176\323\147\234}{section.6}% 34
\BOOKMARK [3][-]{subsubsection.6.2.1}{\376\377\200\132\174\173\176\323\147\234\123\357\211\306\123\026}{subsection.6.2}% 35
\BOOKMARK [2][-]{subsection.6.3}{\376\377\127\050\227\136\121\370\174\007\145\160\143\156\116\012\166\204\121\163\225\056\123\321\163\260}{section.6}% 36
\BOOKMARK [2][-]{subsection.6.4}{\376\377\123\330\143\142\000k\120\074\166\204\142\323\134\125\122\006\147\220\377\010\000m\000a\000k\000e\000\137\000m\000o\000o\000n\000s\377\011}{section.6}% 37
\BOOKMARK [1][-]{section.7}{\376\377\140\073\176\323}{}% 38
\BOOKMARK [2][-]{subsection.7.1}{\376\377\116\011\171\315\224\376\143\245\145\271\137\017\166\204\117\030\177\072\160\271\140\073\176\323}{section.7}% 39
\BOOKMARK [1][-]{section.8}{\376\377\226\104\137\125\377\032\116\343\170\001\116\323\136\223}{}% 40
