\BOOKMARK [1][-]{section.1}{\376\377\133\236\232\214\116\000\377\032\117\074\161\066\163\207\155\113\213\325\211\304\122\031\377\010\000L\000R\000T\377\011\116\016\147\000\131\047\124\016\232\214\151\202\163\207\211\304\122\031\377\010\000M\000A\000P\377\011}{}% 1
\BOOKMARK [2][-]{subsection.1.1}{\376\377\133\236\232\214\166\356\150\007}{section.1}% 2
\BOOKMARK [2][-]{subsection.1.2}{\376\377\150\070\137\303\116\343\170\001\133\236\163\260}{section.1}% 3
\BOOKMARK [3][-]{subsubsection.1.2.1}{\376\377\000M\000A\000P\122\006\174\173\211\304\122\031\133\236\163\260}{subsection.1.2}% 4
\BOOKMARK [3][-]{subsubsection.1.2.2}{\376\377\000L\000R\000T\122\006\174\173\211\304\122\031\133\236\163\260}{subsection.1.2}% 5
\BOOKMARK [2][-]{subsection.1.3}{\376\377\133\236\232\214\176\323\147\234\122\006\147\220}{section.1}% 6
\BOOKMARK [3][-]{subsubsection.1.3.1}{\376\377\232\330\122\006\171\273\136\246\116\016\117\116\122\006\171\273\136\246\145\160\143\156\226\306\133\371\153\324}{subsection.1.3}% 7
\BOOKMARK [2][-]{subsection.1.4}{\376\377\133\236\232\214\176\323\213\272}{section.1}% 8
\BOOKMARK [1][-]{section.2}{\376\377\133\236\232\214\116\214\377\032\150\070\133\306\136\246\117\060\213\241\116\016\000L\000R\000T\122\006\174\173}{}% 9
\BOOKMARK [2][-]{subsection.2.1}{\376\377\133\236\232\214\166\356\150\007}{section.2}% 10
\BOOKMARK [2][-]{subsection.2.2}{\376\377\150\070\137\303\116\343\170\001\133\236\163\260}{section.2}% 11
\BOOKMARK [3][-]{subsubsection.2.2.1}{\376\377\150\070\133\306\136\246\117\060\213\241\133\236\163\260}{subsection.2.2}% 12
\BOOKMARK [3][-]{subsubsection.2.2.2}{\376\377\127\372\116\216\150\070\133\306\136\246\117\060\213\241\166\204\000L\000R\000T\122\006\174\173}{subsection.2.2}% 13
\BOOKMARK [3][-]{subsubsection.2.2.3}{\376\377\000K\142\230\116\244\123\311\232\214\213\301\220\011\142\351\147\000\117\030\136\046\133\275}{subsection.2.2}% 14
\BOOKMARK [2][-]{subsection.2.3}{\376\377\133\236\232\214\176\323\147\234\122\006\147\220}{section.2}% 15
\BOOKMARK [2][-]{subsection.2.4}{\376\377\133\236\232\214\176\323\213\272}{section.2}% 16
\BOOKMARK [1][-]{section.3}{\376\377\133\236\232\214\116\011\377\032\000k\000-\000N\000N\133\306\136\246\117\060\213\241}{}% 17
\BOOKMARK [2][-]{subsection.3.1}{\376\377\133\236\232\214\166\356\150\007}{section.3}% 18
\BOOKMARK [2][-]{subsection.3.2}{\376\377\150\070\137\303\116\343\170\001\133\236\163\260}{section.3}% 19
\BOOKMARK [2][-]{subsection.3.3}{\376\377\133\236\232\214\176\323\147\234\122\006\147\220}{section.3}% 20
\BOOKMARK [2][-]{subsection.3.4}{\376\377\133\236\232\214\176\323\213\272}{section.3}% 21
\BOOKMARK [1][-]{section.4}{\376\377\133\236\232\214\126\333\377\032\215\035\123\366\145\257\122\006\174\173\126\150\127\050\213\255\176\303\226\306\116\016\155\113\213\325\226\306\116\012\166\204\213\304\117\060}{}% 22
\BOOKMARK [2][-]{subsection.4.1}{\376\377\133\236\232\214\166\356\150\007}{section.4}% 23
\BOOKMARK [2][-]{subsection.4.2}{\376\377\150\070\137\303\116\343\170\001\133\236\163\260}{section.4}% 24
\BOOKMARK [2][-]{subsection.4.3}{\376\377\133\236\232\214\176\323\147\234\122\006\147\220}{section.4}% 25
\BOOKMARK [2][-]{subsection.4.4}{\376\377\133\236\232\214\176\323\213\272}{section.4}% 26
